Benchmark Summary Report
======================
Generated on: 2025-03-28 15:53:38

File Size | Window | Index Type | DIO     | Threads  | Tput (ops/s) | Avg Hops | Scan us      | IO s       | IO GB     
----------|--------|------------|---------|----------|--------------|----------|--------------|------------|-----------
1TB       | 100    | Header     | Yes     | 16       | 95322.68     | 2.00     | 86200        | 7925.53    | 187.89    
1TB       | 100    | Uniform    | Yes     | 16       | 94587.57     | 1.97     | 77474        | 7961.87    | 378.08    
1TB       | 100    | Header     | Yes     | 1        | 6319.84      | 2.00     | 8906         | 469.97     | 11.74     
1TB       | 100    | Uniform    | Yes     | 1        | 6432.28      | 1.97     | 2689         | 460.10     | 23.63     
1TB       | 100    | Header     | Yes     | 2        | 12446.09     | 2.00     | 8145         | 951.26     | 23.48     
1TB       | 100    | Uniform    | Yes     | 2        | 12645.27     | 1.97     | 8457         | 933.30     | 47.27     
1TB       | 100    | Header     | Yes     | 4        | 24671.88     | 2.00     | 16574        | 1914.52    | 46.97     
1TB       | 100    | Uniform    | Yes     | 4        | 25101.31     | 1.97     | 9621         | 1876.63    | 94.49     
1TB       | 100    | Header     | Yes     | 8        | 48956.22     | 2.00     | 32619        | 3859.78    | 93.94     
1TB       | 100    | Uniform    | Yes     | 8        | 49054.79     | 1.97     | 25089        | 3826.18    | 189.03    
1TB       | 100    | Header     | No      | 16       | 177900.42    | 2.00     | 9267         | 4216.63    | 187.89    
1TB       | 100    | Uniform    | No      | 16       | 111304.82    | 1.97     | 19719        | 6765.54    | 378.05    
1TB       | 100    | Header     | No      | 1        | 10677.02     | 2.00     | 508          | 300.80     | 11.74     
1TB       | 100    | Uniform    | No      | 1        | 8636.4       | 1.97     | 768          | 342.61     | 23.62     
1TB       | 100    | Header     | No      | 2        | 23864.96     | 2.00     | 895          | 494.58     | 23.48     
1TB       | 100    | Uniform    | No      | 2        | 14985.79     | 1.97     | 2001         | 729.44     | 47.27     
1TB       | 100    | Header     | No      | 4        | 48016.72     | 2.00     | 1734         | 980.46     | 46.97     
1TB       | 100    | Uniform    | No      | 4        | 30900.79     | 1.97     | 5191         | 1525.50    | 94.50     
1TB       | 100    | Header     | No      | 8        | 92641.19     | 2.00     | 4032         | 2019.77    | 93.94     
1TB       | 100    | Uniform    | No      | 8        | 59444.07     | 1.97     | 11441        | 3169.20    | 189.04    
1TB       | 1600   | Header     | Yes     | 16       | 95333.88     | 2.00     | 104789       | 7924.76    | 187.89    
1TB       | 1600   | Uniform    | Yes     | 16       | 96734.95     | 1.00     | 930337       | 7825.28    | 3059.71   
1TB       | 1600   | Header     | Yes     | 1        | 6318.25      | 2.00     | 7557         | 469.00     | 11.74     
1TB       | 1600   | Uniform    | Yes     | 1        | 10053.48     | 1.00     | 57159        | 293.57     | 191.23    
1TB       | 1600   | Header     | Yes     | 2        | 12458.01     | 2.00     | 8329         | 949.98     | 23.48     
1TB       | 1600   | Uniform    | Yes     | 2        | 19325.3      | 1.00     | 107910       | 607.89     | 382.46    
1TB       | 1600   | Header     | Yes     | 4        | 24669.86     | 2.00     | 18464        | 1915.65    | 46.97     
1TB       | 1600   | Uniform    | Yes     | 4        | 36346.1      | 1.00     | 208413       | 1293.71    | 764.92    
1TB       | 1600   | Header     | Yes     | 8        | 48916.29     | 2.00     | 49600        | 3862.56    | 93.94     
1TB       | 1600   | Uniform    | Yes     | 8        | 63894.38     | 1.00     | 419893       | 2950.10    | 1529.83   
1TB       | 1600   | Header     | No      | 16       | 170652.86    | 2.00     | 10140        | 4400.31    | 187.89    
1TB       | 1600   | Uniform    | No      | 16       | 49126.96     | 1.00     | 15278        | 15542.36   | 3059.70   
1TB       | 1600   | Header     | No      | 1        | 10594.87     | 2.00     | 366          | 302.68     | 11.74     
1TB       | 1600   | Uniform    | No      | 1        | 8556.29      | 1.00     | 2195         | 346.96     | 191.24    
1TB       | 1600   | Header     | No      | 2        | 23076.32     | 2.00     | 727          | 511.24     | 23.49     
1TB       | 1600   | Uniform    | No      | 2        | 16177.67     | 1.00     | 3148         | 731.78     | 382.46    
1TB       | 1600   | Header     | No      | 4        | 45467.58     | 2.00     | 1323         | 1056.56    | 46.97     
1TB       | 1600   | Uniform    | No      | 4        | 29461.32     | 1.00     | 5612         | 1604.81    | 764.93    
1TB       | 1600   | Header     | No      | 8        | 84219.23     | 2.00     | 3139         | 2186.92    | 93.94     
1TB       | 1600   | Uniform    | No      | 8        | 48428.58     | 1.00     | 8589         | 3919.49    | 1529.86   
1TB       | 200    | Header     | Yes     | 16       | 95453.51     | 2.00     | 113175       | 7923.27    | 187.89    
1TB       | 200    | Uniform    | Yes     | 16       | 120895.11    | 1.43     | 263859       | 6222.78    | 550.00    
1TB       | 200    | Header     | Yes     | 1        | 6317.37      | 2.00     | 3088         | 469.01     | 11.74     
1TB       | 200    | Uniform    | Yes     | 1        | 8534.0       | 1.43     | 14992        | 345.83     | 34.37     
1TB       | 200    | Header     | Yes     | 2        | 12449.86     | 2.00     | 10047        | 950.43     | 23.48     
1TB       | 200    | Uniform    | Yes     | 2        | 16785.68     | 1.43     | 26614        | 700.98     | 68.74     
1TB       | 200    | Header     | Yes     | 4        | 24710.73     | 2.00     | 15059        | 1915.87    | 46.97     
1TB       | 200    | Uniform    | Yes     | 4        | 32942.54     | 1.43     | 67534        | 1425.94    | 137.47    
1TB       | 200    | Header     | Yes     | 8        | 48991.11     | 2.00     | 36871        | 3859.98    | 93.94     
1TB       | 200    | Uniform    | Yes     | 8        | 63914.93     | 1.43     | 140118       | 2937.64    | 274.97    
1TB       | 200    | Header     | No      | 16       | 177682.54    | 2.00     | 9906         | 4222.47    | 187.88    
1TB       | 200    | Uniform    | No      | 16       | 126355.69    | 1.43     | 21227        | 5979.73    | 549.97    
1TB       | 200    | Header     | No      | 1        | 11792.45     | 2.00     | 469          | 252.74     | 11.74     
1TB       | 200    | Uniform    | No      | 1        | 9919.11      | 1.43     | 1795         | 298.35     | 34.36     
1TB       | 200    | Header     | No      | 2        | 23699.56     | 2.00     | 874          | 499.46     | 23.49     
1TB       | 200    | Uniform    | No      | 2        | 18720.86     | 1.43     | 4197         | 627.07     | 68.74     
1TB       | 200    | Header     | No      | 4        | 47456.96     | 2.00     | 1690         | 993.14     | 46.97     
1TB       | 200    | Uniform    | No      | 4        | 36114.06     | 1.43     | 6861         | 1303.49    | 137.49    
1TB       | 200    | Header     | No      | 8        | 92086.52     | 2.00     | 3771         | 2034.14    | 93.94     
1TB       | 200    | Uniform    | No      | 8        | 68650.95     | 1.43     | 12332        | 2751.42    | 275.00    
1TB       | 3200   | Header     | Yes     | 16       | 95301.8      | 2.00     | 108488       | 7932.90    | 187.89    
1TB       | 3200   | Uniform    | Yes     | 16       | 53233.21     | 1.00     | 1910861      | 14580.64   | 6094.84   
1TB       | 3200   | Header     | Yes     | 1        | 6320.79      | 2.00     | 4500         | 468.85     | 11.74     
1TB       | 3200   | Uniform    | Yes     | 1        | 6970.02      | 1.00     | 66714        | 409.67     | 380.92    
1TB       | 3200   | Header     | Yes     | 2        | 12429.32     | 2.00     | 8768         | 951.30     | 23.49     
1TB       | 3200   | Uniform    | Yes     | 2        | 13245.89     | 1.00     | 378723       | 842.90     | 761.84    
1TB       | 3200   | Header     | Yes     | 4        | 24668.07     | 2.00     | 20092        | 1913.93    | 46.97     
1TB       | 3200   | Uniform    | Yes     | 4        | 23740.27     | 1.00     | 735731       | 1822.43    | 1523.68   
1TB       | 3200   | Header     | Yes     | 8        | 48937.15     | 2.00     | 53195        | 3863.47    | 93.94     
1TB       | 3200   | Uniform    | Yes     | 8        | 31021.79     | 1.00     | 2676528      | 5026.28    | 3047.41   
1TB       | 3200   | Header     | No      | 16       | 171097.59    | 2.00     | 9310         | 4400.38    | 187.88    
1TB       | 3200   | Uniform    | No      | 16       | 27768.88     | 1.00     | 13444        | 27552.05   | 6094.86   
1TB       | 3200   | Header     | No      | 1        | 10615.32     | 2.00     | 411          | 305.95     | 11.74     
1TB       | 3200   | Uniform    | No      | 1        | 6651.75      | 1.00     | 2106         | 448.09     | 380.93    
1TB       | 3200   | Header     | No      | 2        | 22351.55     | 2.00     | 678          | 527.06     | 23.49     
1TB       | 3200   | Uniform    | No      | 2        | 12244.62     | 1.00     | 3587         | 967.71     | 761.87    
1TB       | 3200   | Header     | No      | 4        | 39738.63     | 2.00     | 1591         | 1143.53    | 46.97     
1TB       | 3200   | Uniform    | No      | 4        | 21667.08     | 1.00     | 5909         | 2186.70    | 1523.72   
1TB       | 3200   | Header     | No      | 8        | 84137.66     | 2.00     | 3374         | 2239.35    | 93.94     
1TB       | 3200   | Uniform    | No      | 8        | 29068.02     | 1.00     | 9714         | 6555.75    | 3047.41   
1TB       | 400    | Header     | Yes     | 16       | 95326.1      | 2.00     | 89424        | 7926.15    | 187.88    
1TB       | 400    | Uniform    | Yes     | 16       | 138759.0     | 1.12     | 684611       | 5418.69    | 862.73    
1TB       | 400    | Header     | Yes     | 1        | 6316.24      | 2.00     | 4517         | 469.17     | 11.74     
1TB       | 400    | Uniform    | Yes     | 1        | 10529.71     | 1.12     | 47707        | 279.88     | 53.91     
1TB       | 400    | Header     | Yes     | 2        | 12432.08     | 2.00     | 8953         | 951.82     | 23.49     
1TB       | 400    | Uniform    | Yes     | 2        | 20449.66     | 1.12     | 77004        | 573.73     | 107.85    
1TB       | 400    | Header     | Yes     | 4        | 24677.18     | 2.00     | 13841        | 1914.81    | 46.97     
1TB       | 400    | Uniform    | Yes     | 4        | 39876.16     | 1.12     | 166021       | 1175.97    | 215.66    
1TB       | 400    | Header     | Yes     | 8        | 48926.21     | 2.00     | 46275        | 3860.62    | 93.94     
1TB       | 400    | Uniform    | Yes     | 8        | 76167.53     | 1.12     | 314923       | 2463.72    | 431.35    
1TB       | 400    | Header     | No      | 16       | 171058.18    | 2.00     | 9974         | 4341.69    | 187.88    
1TB       | 400    | Uniform    | No      | 16       | 130234.56    | 1.12     | 14445        | 5802.96    | 862.66    
1TB       | 400    | Header     | No      | 1        | 11463.05     | 2.00     | 497          | 262.09     | 11.74     
1TB       | 400    | Uniform    | No      | 1        | 10951.15     | 1.12     | 2388         | 270.41     | 53.92     
1TB       | 400    | Header     | No      | 2        | 23707.26     | 2.00     | 852          | 499.89     | 23.49     
1TB       | 400    | Uniform    | No      | 2        | 20897.51     | 1.12     | 3120         | 562.62     | 107.83    
1TB       | 400    | Header     | No      | 4        | 47283.95     | 2.00     | 1635         | 997.64     | 46.97     
1TB       | 400    | Uniform    | No      | 4        | 40160.74     | 1.12     | 4738         | 1173.95    | 215.68    
1TB       | 400    | Header     | No      | 8        | 91096.5      | 2.00     | 3916         | 2051.91    | 93.94     
1TB       | 400    | Uniform    | No      | 8        | 74570.28     | 1.12     | 8768         | 2525.53    | 431.33    
1TB       | 800    | Header     | Yes     | 16       | 95533.37     | 2.00     | 88593        | 7918.50    | 187.88    
1TB       | 800    | Uniform    | Yes     | 16       | 130426.02    | 1.00     | 837560       | 5781.33    | 1539.97   
1TB       | 800    | Header     | Yes     | 1        | 6315.48      | 2.00     | 4539         | 469.30     | 11.74     
1TB       | 800    | Uniform    | Yes     | 1        | 11065.84     | 1.00     | 51844        | 266.34     | 96.25     
1TB       | 800    | Header     | Yes     | 2        | 12444.18     | 2.00     | 6327         | 951.20     | 23.49     
1TB       | 800    | Uniform    | Yes     | 2        | 21381.26     | 1.00     | 96540        | 548.38     | 192.50    
1TB       | 800    | Header     | Yes     | 4        | 24635.03     | 2.00     | 33453        | 1916.21    | 46.97     
1TB       | 800    | Uniform    | Yes     | 4        | 41133.34     | 1.00     | 184716       | 1140.78    | 384.98    
1TB       | 800    | Header     | Yes     | 8        | 48951.88     | 2.00     | 47852        | 3858.67    | 93.94     
1TB       | 800    | Uniform    | Yes     | 8        | 76182.18     | 1.00     | 396639       | 2467.78    | 769.99    
1TB       | 800    | Header     | No      | 16       | 171340.8     | 2.00     | 9534         | 4337.00    | 187.89    
1TB       | 800    | Uniform    | No      | 16       | 91839.25     | 1.00     | 14946        | 8273.67    | 1539.96   
1TB       | 800    | Header     | No      | 1        | 10593.51     | 2.00     | 345          | 302.55     | 11.74     
1TB       | 800    | Uniform    | No      | 1        | 10368.51     | 1.00     | 2229         | 285.83     | 96.25     
1TB       | 800    | Header     | No      | 2        | 23395.88     | 2.00     | 783          | 503.28     | 23.48     
1TB       | 800    | Uniform    | No      | 2        | 19919.13     | 1.00     | 3053         | 592.20     | 192.49    
1TB       | 800    | Header     | No      | 4        | 46675.42     | 2.00     | 1812         | 1007.35    | 46.97     
1TB       | 800    | Uniform    | No      | 4        | 37357.12     | 1.00     | 5626         | 1259.37    | 384.98    
1TB       | 800    | Header     | No      | 8        | 91097.37     | 2.00     | 4033         | 2070.83    | 93.94     
1TB       | 800    | Uniform    | No      | 8        | 67844.22     | 1.00     | 10531        | 2784.30    | 769.98    
