Benchmark Summary Report
======================
Generated on: 2025-03-28 16:42:41

File Size | Window | Index Type | DIO     | Threads  | Tput (ops/s) | Avg Hops | Scan us      | IO s       | IO GB     
----------|--------|------------|---------|----------|--------------|----------|--------------|------------|-----------
1TB       | 100    | Header     | Yes     | 16       | 76601.73     | 2.00     | 2573202      | 9888.87    | 1875.39   
1TB       | 100    | Uniform    | Yes     | 16       | 44870.45     | 3.91     | 103477       | 16702.57   | 798.29    
1TB       | 100    | Header     | Yes     | 1        | 5887.01      | 2.00     | 153456       | 503.15     | 117.21    
1TB       | 100    | Uniform    | Yes     | 1        | 3078.49      | 3.91     | 1594         | 963.53     | 49.88     
1TB       | 100    | Header     | Yes     | 2        | 11482.75     | 2.00     | 272379       | 1030.78    | 234.42    
1TB       | 100    | Uniform    | Yes     | 2        | 6052.29      | 3.91     | 8183         | 1954.47    | 99.74     
1TB       | 100    | Header     | Yes     | 4        | 22272.65     | 2.00     | 619513       | 2121.14    | 468.84    
1TB       | 100    | Uniform    | Yes     | 4        | 12004.83     | 3.91     | 12061        | 3937.72    | 199.52    
1TB       | 100    | Header     | Yes     | 8        | 42487.42     | 2.00     | 1241278      | 4456.41    | 937.69    
1TB       | 100    | Uniform    | Yes     | 8        | 23397.57     | 3.91     | 39429        | 8030.66    | 399.20    
1TB       | 100    | Header     | No      | 16       | 67296.66     | 2.00     | 23857        | 11286.96   | 1875.40   
1TB       | 100    | Uniform    | No      | 16       | 62210.38     | 3.91     | 26882        | 12006.21   | 798.36    
1TB       | 100    | Header     | No      | 1        | 9693.24      | 2.00     | 1273         | 310.02     | 117.21    
1TB       | 100    | Uniform    | No      | 1        | 4509.77      | 3.91     | 1248         | 648.88     | 49.89     
1TB       | 100    | Header     | No      | 2        | 18841.01     | 2.00     | 3560         | 623.49     | 234.43    
1TB       | 100    | Uniform    | No      | 2        | 8573.13      | 3.91     | 3853         | 1380.54    | 99.81     
1TB       | 100    | Header     | No      | 4        | 35019.38     | 2.00     | 7531         | 1344.02    | 468.84    
1TB       | 100    | Uniform    | No      | 4        | 17053.85     | 3.91     | 7966         | 2775.39    | 199.60    
1TB       | 100    | Header     | No      | 8        | 61211.99     | 2.00     | 14169        | 3104.60    | 937.69    
1TB       | 100    | Uniform    | No      | 8        | 33237.16     | 3.91     | 14194        | 5661.31    | 399.15    
1TB       | 1600   | Header     | Yes     | 16       | 76583.42     | 2.00     | 2605309      | 9889.29    | 1875.38   
1TB       | 1600   | Uniform    | Yes     | 16       | 91066.46     | 1.06     | 2887056      | 8308.28    | 3251.30   
1TB       | 1600   | Header     | Yes     | 1        | 5876.7       | 2.00     | 151230       | 504.07     | 117.21    
1TB       | 1600   | Uniform    | Yes     | 1        | 9543.76      | 1.06     | 169879       | 309.28     | 203.22    
1TB       | 1600   | Header     | Yes     | 2        | 11465.46     | 2.00     | 289590       | 1031.64    | 234.43    
1TB       | 1600   | Uniform    | Yes     | 2        | 18296.86     | 1.06     | 296694       | 641.96     | 406.42    
1TB       | 1600   | Header     | Yes     | 4        | 22290.05     | 2.00     | 653711       | 2119.41    | 468.84    
1TB       | 1600   | Uniform    | Yes     | 4        | 34391.95     | 1.06     | 657349       | 1368.64    | 812.83    
1TB       | 1600   | Header     | Yes     | 8        | 42382.39     | 2.00     | 1285829      | 4463.20    | 937.69    
1TB       | 1600   | Uniform    | Yes     | 8        | 60186.69     | 1.06     | 1389326      | 3128.01    | 1625.64   
1TB       | 1600   | Header     | No      | 16       | 68368.75     | 2.00     | 24753        | 11224.75   | 1875.38   
1TB       | 1600   | Uniform    | No      | 16       | 51122.88     | 1.06     | 16759        | 15011.04   | 3251.26   
1TB       | 1600   | Header     | No      | 1        | 9317.22      | 2.00     | 1035         | 323.74     | 117.21    
1TB       | 1600   | Uniform    | No      | 1        | 8042.32      | 1.06     | 2066         | 371.40     | 203.23    
1TB       | 1600   | Header     | No      | 2        | 17798.52     | 2.00     | 2783         | 661.44     | 234.42    
1TB       | 1600   | Uniform    | No      | 2        | 14814.12     | 1.06     | 2811         | 799.71     | 406.37    
1TB       | 1600   | Header     | No      | 4        | 34014.59     | 2.00     | 6929         | 1387.73    | 468.85    
1TB       | 1600   | Uniform    | No      | 4        | 27974.83     | 1.06     | 5152         | 1688.63    | 812.78    
1TB       | 1600   | Header     | No      | 8        | 59619.93     | 2.00     | 13307        | 3168.78    | 937.69    
1TB       | 1600   | Uniform    | No      | 8        | 47449.22     | 1.06     | 10327        | 4028.61    | 1625.67   
1TB       | 200    | Header     | Yes     | 16       | 76627.89     | 2.00     | 2519170      | 9889.49    | 1875.37   
1TB       | 200    | Uniform    | Yes     | 16       | 67717.07     | 2.55     | 347922       | 11090.31   | 981.23    
1TB       | 200    | Header     | Yes     | 1        | 5880.72      | 2.00     | 145697       | 503.75     | 117.21    
1TB       | 200    | Uniform    | Yes     | 1        | 4813.29      | 2.56     | 15881        | 615.47     | 61.33     
1TB       | 200    | Header     | Yes     | 2        | 11473.54     | 2.00     | 285252       | 1031.02    | 234.42    
1TB       | 200    | Uniform    | Yes     | 2        | 9433.45      | 2.56     | 32674        | 1250.82    | 122.66    
1TB       | 200    | Header     | Yes     | 4        | 22306.29     | 2.00     | 563971       | 2118.02    | 468.85    
1TB       | 200    | Uniform    | Yes     | 4        | 18557.22     | 2.55     | 49641        | 2543.03    | 245.21    
1TB       | 200    | Header     | Yes     | 8        | 42379.75     | 2.00     | 1217146      | 4458.54    | 937.69    
1TB       | 200    | Uniform    | Yes     | 8        | 35911.49     | 2.55     | 136757       | 5236.52    | 490.51    
1TB       | 200    | Header     | No      | 16       | 66647.83     | 2.00     | 23456        | 11378.57   | 1875.40   
1TB       | 200    | Uniform    | No      | 16       | 75767.69     | 2.55     | 26108        | 9914.10    | 981.14    
1TB       | 200    | Header     | No      | 1        | 9456.72      | 2.00     | 968          | 319.24     | 117.21    
1TB       | 200    | Uniform    | No      | 1        | 5985.04      | 2.56     | 2298         | 487.27     | 61.33     
1TB       | 200    | Header     | No      | 2        | 18526.43     | 2.00     | 3308         | 638.40     | 234.43    
1TB       | 200    | Uniform    | No      | 2        | 11063.72     | 2.55     | 3797         | 1062.86    | 122.63    
1TB       | 200    | Header     | No      | 4        | 34634.99     | 2.00     | 7543         | 1358.91    | 468.85    
1TB       | 200    | Uniform    | No      | 4        | 21332.82     | 2.55     | 6619         | 2206.70    | 245.22    
1TB       | 200    | Header     | No      | 8        | 61142.1      | 2.00     | 14440        | 3099.73    | 937.69    
1TB       | 200    | Uniform    | No      | 8        | 42107.11     | 2.55     | 13594        | 4470.83    | 490.57    
1TB       | 3200   | Header     | Yes     | 16       | 76606.41     | 2.00     | 2593108      | 9886.36    | 1875.39   
1TB       | 3200   | Uniform    | Yes     | 16       | 52804.67     | 1.00     | 4104448      | 15457.64   | 6142.32   
1TB       | 3200   | Header     | Yes     | 1        | 5882.39      | 2.00     | 145706       | 503.45     | 117.21    
1TB       | 3200   | Uniform    | Yes     | 1        | 6901.58      | 1.00     | 206606       | 412.36     | 383.89    
1TB       | 3200   | Header     | Yes     | 2        | 11461.12     | 2.00     | 298161       | 1031.34    | 234.42    
1TB       | 3200   | Uniform    | Yes     | 2        | 13076.71     | 1.00     | 867988       | 851.00     | 767.79    
1TB       | 3200   | Header     | Yes     | 4        | 22316.89     | 2.00     | 578138       | 2117.00    | 468.84    
1TB       | 3200   | Uniform    | Yes     | 4        | 23089.74     | 1.00     | 2031444      | 1855.62    | 1535.58   
1TB       | 3200   | Header     | Yes     | 8        | 42443.93     | 2.00     | 1228582      | 4456.00    | 937.70    
1TB       | 3200   | Uniform    | Yes     | 8        | 33621.41     | 1.00     | 4613441      | 4930.80    | 3071.15   
1TB       | 3200   | Header     | No      | 16       | 68380.12     | 2.00     | 24604        | 11107.25   | 1875.37   
1TB       | 3200   | Uniform    | No      | 16       | 30307.85     | 1.00     | 15807        | 25227.30   | 6142.34   
1TB       | 3200   | Header     | No      | 1        | 9268.23      | 2.00     | 930          | 323.92     | 117.21    
1TB       | 3200   | Uniform    | No      | 1        | 6497.11      | 1.00     | 1943         | 458.59     | 383.89    
1TB       | 3200   | Header     | No      | 2        | 17685.56     | 2.00     | 2009         | 667.69     | 234.42    
1TB       | 3200   | Uniform    | No      | 2        | 12074.37     | 1.00     | 3123         | 983.90     | 767.79    
1TB       | 3200   | Header     | No      | 4        | 34060.43     | 2.00     | 5716         | 1387.08    | 468.84    
1TB       | 3200   | Uniform    | No      | 4        | 21852.27     | 1.00     | 5227         | 2163.72    | 1535.58   
1TB       | 3200   | Header     | No      | 8        | 60728.6      | 2.00     | 13748        | 3106.97    | 937.70    
1TB       | 3200   | Uniform    | No      | 8        | 31800.52     | 1.00     | 9330         | 5977.50    | 3071.15   
1TB       | 400    | Header     | Yes     | 16       | 76469.54     | 2.00     | 2685142      | 9892.66    | 1875.38   
1TB       | 400    | Uniform    | Yes     | 16       | 89262.96     | 1.74     | 840511       | 8420.21    | 1339.65   
1TB       | 400    | Header     | Yes     | 1        | 5880.93      | 2.00     | 144596       | 503.81     | 117.21    
1TB       | 400    | Uniform    | Yes     | 1        | 6818.8       | 1.74     | 46605        | 433.52     | 83.73     
1TB       | 400    | Header     | Yes     | 2        | 11471.27     | 2.00     | 289187       | 1031.29    | 234.42    
1TB       | 400    | Uniform    | Yes     | 2        | 13266.7      | 1.74     | 90862        | 889.07     | 167.42    
1TB       | 400    | Header     | Yes     | 4        | 22361.91     | 2.00     | 572550       | 2117.09    | 468.84    
1TB       | 400    | Uniform    | Yes     | 4        | 25811.97     | 1.74     | 187612       | 1821.65    | 334.94    
1TB       | 400    | Header     | Yes     | 8        | 42359.86     | 2.00     | 1237348      | 4458.94    | 937.69    
1TB       | 400    | Uniform    | Yes     | 8        | 49139.39     | 1.74     | 367969       | 3824.63    | 669.77    
1TB       | 400    | Header     | No      | 16       | 63224.02     | 2.00     | 23452        | 11892.83   | 1875.38   
1TB       | 400    | Uniform    | No      | 16       | 75229.86     | 1.74     | 20105        | 9891.49    | 1339.50   
1TB       | 400    | Header     | No      | 1        | 9327.08      | 2.00     | 993          | 322.21     | 117.21    
1TB       | 400    | Uniform    | No      | 1        | 7152.86      | 1.75     | 2855         | 411.09     | 83.76     
1TB       | 400    | Header     | No      | 2        | 18258.07     | 2.00     | 3421         | 649.06     | 234.42    
1TB       | 400    | Uniform    | No      | 2        | 13190.33     | 1.74     | 3302         | 895.91     | 167.48    
1TB       | 400    | Header     | No      | 4        | 34148.32     | 2.00     | 7416         | 1376.57    | 468.84    
1TB       | 400    | Uniform    | No      | 4        | 25282.5      | 1.74     | 5707         | 1866.25    | 334.86    
1TB       | 400    | Header     | No      | 8        | 57985.08     | 2.00     | 16196        | 3260.50    | 937.69    
1TB       | 400    | Uniform    | No      | 8        | 48259.94     | 1.74     | 11185        | 3939.80    | 669.81    
1TB       | 800    | Header     | Yes     | 16       | 76509.07     | 2.00     | 2619379      | 9889.34    | 1875.39   
1TB       | 800    | Uniform    | Yes     | 16       | 99981.95     | 1.31     | 1751505      | 7532.74    | 2010.49   
1TB       | 800    | Header     | Yes     | 1        | 5877.84      | 2.00     | 155428       | 503.89     | 117.21    
1TB       | 800    | Uniform    | Yes     | 1        | 8525.95      | 1.31     | 84313        | 346.61     | 125.71    
1TB       | 800    | Header     | Yes     | 2        | 11470.56     | 2.00     | 277996       | 1031.01    | 234.43    
1TB       | 800    | Uniform    | Yes     | 2        | 16428.32     | 1.31     | 238526       | 715.29     | 251.33    
1TB       | 800    | Header     | Yes     | 4        | 22294.75     | 2.00     | 621258       | 2118.07    | 468.85    
1TB       | 800    | Uniform    | Yes     | 4        | 31582.52     | 1.31     | 391896       | 1487.78    | 502.54    
1TB       | 800    | Header     | Yes     | 8        | 42407.43     | 2.00     | 1128284      | 4461.11    | 937.69    
1TB       | 800    | Uniform    | Yes     | 8        | 58382.49     | 1.31     | 878838       | 3221.86    | 1005.23   
1TB       | 800    | Header     | No      | 16       | 65310.63     | 2.00     | 24469        | 11531.89   | 1875.39   
1TB       | 800    | Uniform    | No      | 16       | 67499.64     | 1.31     | 20541        | 11086.92   | 2010.62   
1TB       | 800    | Header     | No      | 1        | 9349.21      | 2.00     | 1243         | 322.90     | 117.21    
1TB       | 800    | Uniform    | No      | 1        | 7916.26      | 1.31     | 2468         | 371.59     | 125.67    
1TB       | 800    | Header     | No      | 2        | 18046.24     | 2.00     | 3236         | 651.71     | 234.42    
1TB       | 800    | Uniform    | No      | 2        | 14911.98     | 1.31     | 3002         | 793.94     | 251.36    
1TB       | 800    | Header     | No      | 4        | 33818.15     | 2.00     | 7640         | 1394.81    | 468.85    
1TB       | 800    | Uniform    | No      | 4        | 28219.48     | 1.31     | 5643         | 1672.90    | 502.60    
1TB       | 800    | Header     | No      | 8        | 57580.32     | 2.00     | 14400        | 3279.76    | 937.68    
1TB       | 800    | Uniform    | No      | 8        | 51671.67     | 1.31     | 11265        | 3663.89    | 1005.28   
